[debug] [2023-09-23T07:18:21.272Z] ----------------------------------------------------------------------
[debug] [2023-09-23T07:18:21.277Z] Command:       C:\Program Files\nodejs\node.exe C:\Users\DELL LATTITUDE 7400\AppData\Roaming\npm\node_modules\firebase-tools\lib\bin\firebase.js init
[debug] [2023-09-23T07:18:21.278Z] CLI Version:   12.5.4
[debug] [2023-09-23T07:18:21.279Z] Platform:      win32
[debug] [2023-09-23T07:18:21.280Z] Node Version:  v18.18.0
[debug] [2023-09-23T07:18:21.282Z] Time:          Sat Sep 23 2023 14:18:21 GMT+0700 (Western Indonesia Time)
[debug] [2023-09-23T07:18:21.282Z] ----------------------------------------------------------------------
[debug] 
[debug] [2023-09-23T07:18:21.304Z] > command requires scopes: ["email","openid","https://www.googleapis.com/auth/cloudplatformprojects.readonly","https://www.googleapis.com/auth/firebase","https://www.googleapis.com/auth/cloud-platform"]
[debug] [2023-09-23T07:18:21.306Z] > authorizing via signed-in user (silvianurrobianti@gmail.com)
[info] 
     ######## #### ########  ######## ########     ###     ######  ########
     ##        ##  ##     ## ##       ##     ##  ##   ##  ##       ##
     ######    ##  ########  ######   ########  #########  ######  ######
     ##        ##  ##    ##  ##       ##     ## ##     ##       ## ##
     ##       #### ##     ## ######## ########  ##     ##  ######  ########

You're about to initialize a Firebase project in this directory:

  C:\Users\DELL LATTITUDE 7400\Desktop\SEMESTER 5\PRAK PEMROGRAMAN WEB\cvisilanti

[info] 
=== Project Setup
[info] 
[info] First, let's associate this project directory with a Firebase project.
[info] You can create multiple project aliases by running firebase use --add, 
[info] but for now we'll just set up a default project.
[info] 
[debug] [2023-09-23T07:18:33.253Z] >>> [apiv2][query] GET https://firebase.googleapis.com/v1beta1/projects pageSize=100
[debug] [2023-09-23T07:18:34.404Z] <<< [apiv2][status] GET https://firebase.googleapis.com/v1beta1/projects 200
[debug] [2023-09-23T07:18:34.406Z] <<< [apiv2][body] GET https://firebase.googleapis.com/v1beta1/projects [omitted]
[info] i  Using project cvisilanti (cvisilanti) 
[info] 
=== Database Setup
[info] i  database: ensuring required API firebasedatabase.googleapis.com is enabled... 
[debug] [2023-09-23T07:18:35.579Z] >>> [apiv2][query] GET https://serviceusage.googleapis.com/v1/projects/cvisilanti/services/firebasedatabase.googleapis.com [none]
[debug] [2023-09-23T07:18:35.579Z] >>> [apiv2][(partial)header] GET https://serviceusage.googleapis.com/v1/projects/cvisilanti/services/firebasedatabase.googleapis.com x-goog-quota-user=projects/cvisilanti
[debug] [2023-09-23T07:18:37.277Z] <<< [apiv2][status] GET https://serviceusage.googleapis.com/v1/projects/cvisilanti/services/firebasedatabase.googleapis.com 200
[debug] [2023-09-23T07:18:37.278Z] <<< [apiv2][body] GET https://serviceusage.googleapis.com/v1/projects/cvisilanti/services/firebasedatabase.googleapis.com [omitted]
[info] +  database: required API firebasedatabase.googleapis.com is enabled 
[info] 
[debug] [2023-09-23T07:18:37.283Z] >>> [apiv2][query] GET https://firebasedatabase.googleapis.com/v1beta/projects/cvisilanti/locations/-/instances/cvisilanti-default-rtdb [none]
[debug] [2023-09-23T07:18:38.959Z] <<< [apiv2][status] GET https://firebasedatabase.googleapis.com/v1beta/projects/cvisilanti/locations/-/instances/cvisilanti-default-rtdb 200
[debug] [2023-09-23T07:18:38.961Z] <<< [apiv2][body] GET https://firebasedatabase.googleapis.com/v1beta/projects/cvisilanti/locations/-/instances/cvisilanti-default-rtdb {"name":"projects/854928591555/locations/us-central1/instances/cvisilanti-default-rtdb","project":"projects/854928591555","databaseUrl":"https://cvisilanti-default-rtdb.firebaseio.com","type":"DEFAULT_DATABASE","state":"ACTIVE"}
[info] 
[info] Firebase Realtime Database Security Rules allow you to define how your data should be
[info] structured and when your data can be read from and written to.
[info] 
[debug] [2023-09-23T07:18:42.925Z] >>> [apiv2][query] GET https://cvisilanti-default-rtdb.firebaseio.com/.settings/rules.json [none]
[debug] [2023-09-23T07:18:43.765Z] <<< [apiv2][status] GET https://cvisilanti-default-rtdb.firebaseio.com/.settings/rules.json 200
[debug] [2023-09-23T07:18:43.766Z] <<< [apiv2][body] GET https://cvisilanti-default-rtdb.firebaseio.com/.settings/rules.json [stream]
[info] +  Database Rules for cvisilanti-default-rtdb have been written to database.rules.json. 
[info] Future modifications to database.rules.json will update Realtime Database Security Rules when you run
[info] firebase deploy.
[info] 
=== Firestore Setup
[debug] [2023-09-23T07:18:43.785Z] >>> [apiv2][query] GET https://serviceusage.googleapis.com/v1/projects/cvisilanti/services/firestore.googleapis.com [none]
[debug] [2023-09-23T07:18:43.786Z] >>> [apiv2][(partial)header] GET https://serviceusage.googleapis.com/v1/projects/cvisilanti/services/firestore.googleapis.com x-goog-quota-user=projects/cvisilanti
[debug] [2023-09-23T07:18:45.715Z] <<< [apiv2][status] GET https://serviceusage.googleapis.com/v1/projects/cvisilanti/services/firestore.googleapis.com 200
[debug] [2023-09-23T07:18:45.716Z] <<< [apiv2][body] GET https://serviceusage.googleapis.com/v1/projects/cvisilanti/services/firestore.googleapis.com [omitted]
[debug] [2023-09-23T07:18:45.717Z] >>> [apiv2][query] GET https://firestore.googleapis.com/v1/projects/cvisilanti/databases/(default) [none]
[debug] [2023-09-23T07:18:46.426Z] <<< [apiv2][status] GET https://firestore.googleapis.com/v1/projects/cvisilanti/databases/(default) 200
[debug] [2023-09-23T07:18:46.427Z] <<< [apiv2][body] GET https://firestore.googleapis.com/v1/projects/cvisilanti/databases/(default) {"name":"projects/cvisilanti/databases/(default)","uid":"d48776eb-3102-4f55-a50c-2007cfdb6834","createTime":"2023-09-23T07:17:37.589998Z","updateTime":"2023-09-23T07:17:37.589998Z","locationId":"nam5","type":"FIRESTORE_NATIVE","concurrencyMode":"PESSIMISTIC","versionRetentionPeriod":"3600s","earliestVersionTime":"2023-09-23T07:17:37.589998Z","appEngineIntegrationMode":"DISABLED","keyPrefix":"s","pointInTimeRecoveryEnablement":"POINT_IN_TIME_RECOVERY_DISABLED","deleteProtectionState":"DELETE_PROTECTION_DISABLED","etag":"IMffl8mYwIEDMO7NyqiYwIED"}
[debug] [2023-09-23T07:18:46.427Z] database_type: FIRESTORE_NATIVE
[debug] [2023-09-23T07:18:46.429Z] > command requires scopes: ["email","openid","https://www.googleapis.com/auth/cloudplatformprojects.readonly","https://www.googleapis.com/auth/firebase","https://www.googleapis.com/auth/cloud-platform"]
[debug] [2023-09-23T07:18:46.430Z] > authorizing via signed-in user (silvianurrobianti@gmail.com)
[debug] [2023-09-23T07:18:46.430Z] [iam] checking project cvisilanti for permissions ["firebase.projects.get"]
[debug] [2023-09-23T07:18:46.433Z] >>> [apiv2][query] POST https://cloudresourcemanager.googleapis.com/v1/projects/cvisilanti:testIamPermissions [none]
[debug] [2023-09-23T07:18:46.433Z] >>> [apiv2][(partial)header] POST https://cloudresourcemanager.googleapis.com/v1/projects/cvisilanti:testIamPermissions x-goog-quota-user=projects/cvisilanti
[debug] [2023-09-23T07:18:46.433Z] >>> [apiv2][body] POST https://cloudresourcemanager.googleapis.com/v1/projects/cvisilanti:testIamPermissions {"permissions":["firebase.projects.get"]}
[debug] [2023-09-23T07:18:47.965Z] <<< [apiv2][status] POST https://cloudresourcemanager.googleapis.com/v1/projects/cvisilanti:testIamPermissions 200
[debug] [2023-09-23T07:18:47.965Z] <<< [apiv2][body] POST https://cloudresourcemanager.googleapis.com/v1/projects/cvisilanti:testIamPermissions {"permissions":["firebase.projects.get"]}
[info] 
[info] Firestore Security Rules allow you to define how and when to allow
[info] requests. You can keep these rules in your project directory
[info] and publish them with firebase deploy.
[info] 
[debug] [2023-09-23T07:18:49.575Z] >>> [apiv2][query] GET https://firebaserules.googleapis.com/v1/projects/cvisilanti/releases pageSize=10&pageToken=
[debug] [2023-09-23T07:18:51.545Z] <<< [apiv2][status] GET https://firebaserules.googleapis.com/v1/projects/cvisilanti/releases 200
[debug] [2023-09-23T07:18:51.546Z] <<< [apiv2][body] GET https://firebaserules.googleapis.com/v1/projects/cvisilanti/releases {"releases":[{"name":"projects/cvisilanti/releases/cloud.firestore","rulesetName":"projects/cvisilanti/rulesets/9a8186fb-49a3-4fde-b1f0-160b815901a9","createTime":"2023-09-23T07:17:47.293161Z","updateTime":"2023-09-23T07:17:47.293161Z"}]}
[debug] [2023-09-23T07:18:51.547Z] Found ruleset: projects/cvisilanti/rulesets/9a8186fb-49a3-4fde-b1f0-160b815901a9
[debug] [2023-09-23T07:18:51.549Z] >>> [apiv2][query] GET https://firebaserules.googleapis.com/v1/projects/cvisilanti/rulesets/9a8186fb-49a3-4fde-b1f0-160b815901a9 [none]
[debug] [2023-09-23T07:18:52.368Z] <<< [apiv2][status] GET https://firebaserules.googleapis.com/v1/projects/cvisilanti/rulesets/9a8186fb-49a3-4fde-b1f0-160b815901a9 200
[debug] [2023-09-23T07:18:52.368Z] <<< [apiv2][body] GET https://firebaserules.googleapis.com/v1/projects/cvisilanti/rulesets/9a8186fb-49a3-4fde-b1f0-160b815901a9 [omitted]
[info] 
[info] Firestore indexes allow you to perform complex queries while
[info] maintaining performance that scales with the size of the result
[info] set. You can keep index definitions in your project directory
[info] and publish them with firebase deploy.
[info] 
[debug] [2023-09-23T07:18:53.404Z] >>> [apiv2][query] GET https://firestore.googleapis.com/v1/projects/cvisilanti/databases/(default)/collectionGroups/-/indexes [none]
[debug] [2023-09-23T07:18:53.409Z] >>> [apiv2][query] GET https://firestore.googleapis.com/v1/projects/cvisilanti/databases/(default)/collectionGroups/-/fields?filter=indexConfig.usesAncestorConfig=false OR ttlConfig:* [none]
[debug] [2023-09-23T07:18:55.262Z] <<< [apiv2][status] GET https://firestore.googleapis.com/v1/projects/cvisilanti/databases/(default)/collectionGroups/-/indexes 200
[debug] [2023-09-23T07:18:55.263Z] <<< [apiv2][body] GET https://firestore.googleapis.com/v1/projects/cvisilanti/databases/(default)/collectionGroups/-/indexes {}
[debug] [2023-09-23T07:18:56.204Z] <<< [apiv2][status] GET https://firestore.googleapis.com/v1/projects/cvisilanti/databases/(default)/collectionGroups/-/fields?filter=indexConfig.usesAncestorConfig=false OR ttlConfig:* 200
[debug] [2023-09-23T07:18:56.205Z] <<< [apiv2][body] GET https://firestore.googleapis.com/v1/projects/cvisilanti/databases/(default)/collectionGroups/-/fields?filter=indexConfig.usesAncestorConfig=false OR ttlConfig:* {"fields":[{"name":"projects/cvisilanti/databases/(default)/collectionGroups/__default__/fields/*","indexConfig":{"indexes":[{"queryScope":"COLLECTION","fields":[{"fieldPath":"*","order":"ASCENDING"}],"state":"READY"},{"queryScope":"COLLECTION","fields":[{"fieldPath":"*","order":"DESCENDING"}],"state":"READY"},{"queryScope":"COLLECTION","fields":[{"fieldPath":"*","arrayConfig":"CONTAINS"}],"state":"READY"}]}}]}
[info] 
=== Functions Setup
[debug] [2023-09-23T07:18:56.218Z] > command requires scopes: ["email","openid","https://www.googleapis.com/auth/cloudplatformprojects.readonly","https://www.googleapis.com/auth/firebase","https://www.googleapis.com/auth/cloud-platform"]
[debug] [2023-09-23T07:18:56.219Z] > authorizing via signed-in user (silvianurrobianti@gmail.com)
[debug] [2023-09-23T07:18:56.219Z] [iam] checking project cvisilanti for permissions ["firebase.projects.get"]
[debug] [2023-09-23T07:18:56.220Z] >>> [apiv2][query] POST https://cloudresourcemanager.googleapis.com/v1/projects/cvisilanti:testIamPermissions [none]
[debug] [2023-09-23T07:18:56.221Z] >>> [apiv2][(partial)header] POST https://cloudresourcemanager.googleapis.com/v1/projects/cvisilanti:testIamPermissions x-goog-quota-user=projects/cvisilanti
[debug] [2023-09-23T07:18:56.221Z] >>> [apiv2][body] POST https://cloudresourcemanager.googleapis.com/v1/projects/cvisilanti:testIamPermissions {"permissions":["firebase.projects.get"]}
[debug] [2023-09-23T07:18:57.690Z] <<< [apiv2][status] POST https://cloudresourcemanager.googleapis.com/v1/projects/cvisilanti:testIamPermissions 200
[debug] [2023-09-23T07:18:57.691Z] <<< [apiv2][body] POST https://cloudresourcemanager.googleapis.com/v1/projects/cvisilanti:testIamPermissions {"permissions":["firebase.projects.get"]}
[debug] [2023-09-23T07:18:57.692Z] >>> [apiv2][query] GET https://serviceusage.googleapis.com/v1/projects/cvisilanti/services/cloudfunctions.googleapis.com [none]
[debug] [2023-09-23T07:18:57.692Z] >>> [apiv2][(partial)header] GET https://serviceusage.googleapis.com/v1/projects/cvisilanti/services/cloudfunctions.googleapis.com x-goog-quota-user=projects/cvisilanti
[debug] [2023-09-23T07:18:57.703Z] >>> [apiv2][query] GET https://serviceusage.googleapis.com/v1/projects/cvisilanti/services/runtimeconfig.googleapis.com [none]
[debug] [2023-09-23T07:18:57.703Z] >>> [apiv2][(partial)header] GET https://serviceusage.googleapis.com/v1/projects/cvisilanti/services/runtimeconfig.googleapis.com x-goog-quota-user=projects/cvisilanti
[debug] [2023-09-23T07:18:59.434Z] <<< [apiv2][status] GET https://serviceusage.googleapis.com/v1/projects/cvisilanti/services/runtimeconfig.googleapis.com 200
[debug] [2023-09-23T07:18:59.435Z] <<< [apiv2][body] GET https://serviceusage.googleapis.com/v1/projects/cvisilanti/services/runtimeconfig.googleapis.com [omitted]
[debug] [2023-09-23T07:18:59.456Z] <<< [apiv2][status] GET https://serviceusage.googleapis.com/v1/projects/cvisilanti/services/cloudfunctions.googleapis.com 200
[debug] [2023-09-23T07:18:59.456Z] <<< [apiv2][body] GET https://serviceusage.googleapis.com/v1/projects/cvisilanti/services/cloudfunctions.googleapis.com [omitted]
[debug] [2023-09-23T07:18:59.458Z] >>> [apiv2][query] POST https://serviceusage.googleapis.com/v1/projects/cvisilanti/services/cloudfunctions.googleapis.com:enable [none]
[debug] [2023-09-23T07:18:59.458Z] >>> [apiv2][(partial)header] POST https://serviceusage.googleapis.com/v1/projects/cvisilanti/services/cloudfunctions.googleapis.com:enable x-goog-quota-user=projects/cvisilanti
[debug] [2023-09-23T07:19:01.153Z] <<< [apiv2][status] POST https://serviceusage.googleapis.com/v1/projects/cvisilanti/services/cloudfunctions.googleapis.com:enable 200
[debug] [2023-09-23T07:19:01.154Z] <<< [apiv2][body] POST https://serviceusage.googleapis.com/v1/projects/cvisilanti/services/cloudfunctions.googleapis.com:enable [omitted]
[debug] [2023-09-23T07:19:11.159Z] >>> [apiv2][query] GET https://serviceusage.googleapis.com/v1/projects/cvisilanti/services/cloudfunctions.googleapis.com [none]
[debug] [2023-09-23T07:19:11.159Z] >>> [apiv2][(partial)header] GET https://serviceusage.googleapis.com/v1/projects/cvisilanti/services/cloudfunctions.googleapis.com x-goog-quota-user=projects/cvisilanti
[debug] [2023-09-23T07:19:12.866Z] <<< [apiv2][status] GET https://serviceusage.googleapis.com/v1/projects/cvisilanti/services/cloudfunctions.googleapis.com 200
[debug] [2023-09-23T07:19:12.867Z] <<< [apiv2][body] GET https://serviceusage.googleapis.com/v1/projects/cvisilanti/services/cloudfunctions.googleapis.com [omitted]
[info] Let's create a new codebase for your functions.
[info] A directory corresponding to the codebase will be created in your project
[info] with sample code pre-configured.

[info] See https://firebase.google.com/docs/functions/organize-functions for
[info] more information on organizing your functions using codebases.

[info] Functions can be deployed with firebase deploy.

[info] +  Wrote functions/package.json 
[info] +  Wrote functions/index.js 
[info] +  Wrote functions/.gitignore 
